This is pdfTeX, Version 3.14159265-2.6-1.40.21 (TeX Live 2020) (preloaded format=pdfetex 2020.5.15)  23 NOV 2021 19:16
entering extended mode
 restricted \write18 enabled.
 file:line:error style messages enabled.
 %&-line parsing enabled.
**\input ./k.manual.texi
(./k.manual.texi (/Users/estradaj/GitHub/k9-simples/texinfo.tex
Loading texinfo [version 2019-09-20.22]:
\outerhsize=\dimen16
\outervsize=\dimen17
\topandbottommargin=\dimen18
\bindingoffset=\dimen19
\normaloffset=\dimen20
\txipagewidth=\dimen21
\txipageheight=\dimen22
\defaultoutput=\toks13
\headlinebox=\box16
\footlinebox=\box17
\savedtopmark=\toks14
\margin=\insert252
\EMsimple=\toks15
\groupbox=\box18
\groupinvalidhelp=\toks16
\mil=\dimen23
\exdentamount=\skip18
\inmarginspacing=\skip19
\centerpenalty=\count27
 pdf,
\tempnum=\count28
\lnkcount=\count29
\filename=\toks17
\filenamelength=\count30
\pgn=\count31
\toksA=\toks18
\toksB=\toks19
\toksC=\toks20
\toksD=\toks21
\boxA=\box19
\boxB=\box20
\countA=\count32
\nopdfimagehelp=\toks22
 fonts,
\textleading=\dimen24
\sffam=\fam8
 markup,
\fontdepth=\count33
 glyphs,
\errorbox=\box21

page headings,
\titlepagetopglue=\skip20
\titlepagebottomglue=\skip21
\evenheadline=\toks23
\oddheadline=\toks24
\evenfootline=\toks25
\oddfootline=\toks26
 tables,
\tableindent=\dimen25
\itemindent=\dimen26
\itemmargin=\dimen27
\itemmax=\dimen28
\itemno=\count34
\multitableparskip=\skip22
\multitableparindent=\skip23
\multitablecolspace=\dimen29
\multitablelinespace=\skip24
\colcount=\count35
\everytab=\toks27
 conditionals,
\doignorecount=\count36
 indexing,
\dummybox=\box22
\whatsitskip=\skip25
\whatsitpenalty=\count37
\entryrightmargin=\dimen30
\thinshrinkable=\skip26
\partialpage=\box23
\doublecolumnhsize=\dimen31
\balancedcolumns=\box24
 sectioning,
\unnumberedno=\count38
\chapno=\count39
\secno=\count40
\subsecno=\count41
\subsubsecno=\count42
\appendixno=\count43
\absseclevel=\count44
\secbase=\count45
\chapheadingskip=\skip27
\secheadingskip=\skip28
\subsecheadingskip=\skip29
 toc,
\tocfile=\write0
\contentsrightmargin=\skip30
\savepageno=\count46
\lastnegativepageno=\count47
\tocindent=\dimen32
 environments,
\lispnarrowing=\skip31
\envskipamount=\skip32
\lskip=\skip33
\rskip=\skip34
\circthick=\dimen33
\cartouter=\dimen34
\cartinner=\dimen35
\normbskip=\skip35
\normpskip=\skip36
\normlskip=\skip37
\nonfillparindent=\dimen36
\tabw=\dimen37
\verbbox=\box25

defuns,
\defbodyindent=\skip38
\defargsindent=\skip39
\deflastargmargin=\skip40
\defunpenalty=\count48
\parencount=\count49
\brackcount=\count50
 macros,
\paramno=\count51
\macname=\toks28
 cross references,
\auxfile=\write1
\savesfregister=\count52
\toprefbox=\box26
\printedrefnamebox=\box27
\infofilenamebox=\box28
\printedmanualbox=\box29
 insertions,
\footnoteno=\count53
\SAVEfootins=\box30
\SAVEmargin=\box31
\noepsfhelp=\toks29
 localization,
\nolanghelp=\toks30
\countUTFx=\count54
\countUTFy=\count55
\countUTFz=\count56
 formatting,
\defaultparindent=\dimen38

and turning on texinfo input format.) [1{/usr/local/texlive/2020basic/texmf-var
/fonts/map/pdftex/updmap/pdftex.map}] [2] (k9: Manual)
\openout0 = `k.manual.toc'.


(/Users/estradaj/GitHub/k9-simples/k.manual.aux)
\openout1 = `k.manual.aux'.

texinfo.tex: doing @include of k.d2


(/Users/estradaj/GitHub/k9-simples/k.d2)
Underfull \hbox (badness 10000) in paragraph at lines 1--37
[][][]@texttt [python], page 70[][]: import k;k.k('2+3')   shakti.com/[][][pyth
on],

@hbox(7.60416+2.43333)x433.62
.@hbox(0.0+0.0)x15.0
.@pdfstartlink(*+*)x* attr{/Border [0 0 0]} action goto name{python}
.@pdfliteral{0 0 0 rg 0 0 0 RG}
.@texttt [
.@texttt p
.etc.


Overfull \hbox (3.28027pt too wide) in paragraph at lines 1--37
[][][]@texttt [nodejs], page 70[][]: require('k').k('2+3') shakti.com/[][][node
js], page 70[][]/k.node[]|

@hbox(7.60416+2.43333)x433.62
.@hbox(0.0+0.0)x0.0
.@pdfstartlink(*+*)x* attr{/Border [0 0 0]} action goto name{nodejs}
.@pdfliteral{0 0 0 rg 0 0 0 RG}
.@texttt [
.@texttt n
.etc.


Underfull \hbox (badness 10000) in paragraph at lines 1--37


@hbox(0.0+0.0)x433.62
.@penalty -10000
.@glue(@rightskip) 0.0


Underfull \hbox (badness 10000) in paragraph at lines 1--37
[]@texttt `[][][csv], page 68[][]?`[][][csv], page 68,[][] t     /also `[][][js
on], page 68[][]?`[][][json],

@hbox(7.60416+2.43333)x433.62
.@hbox(0.0+0.0)x0.0
.@texttt `
.@pdfstartlink(*+*)x* attr{/Border [0 0 0]} action goto name{csv}
.@pdfliteral{0 0 0 rg 0 0 0 RG}
.@texttt [
.etc.


Underfull \hbox (badness 10000) in paragraph at lines 1--37
[]@texttt `[][][compress], page 68[][]?`[][][compress], page 68,[][] x     /als
o `[][][compress],

@hbox(7.60416+2.43333)x433.62
.@hbox(0.0+0.0)x0.0
.@texttt `
.@pdfstartlink(*+*)x* attr{/Border [0 0 0]} action goto name{compress}
.@pdfliteral{0 0 0 rg 0 0 0 RG}
.@texttt [
.etc.


Underfull \hbox (badness 10000) in paragraph at lines 1--37
[][][]@texttt Chapter 2 [Verb], page 7,[][]                    [][]Chapter 3 [A
dverb], page 27,[][]

@hbox(7.60416+2.43333)x433.62
.@hbox(0.0+0.0)x0.0
.@pdfstartlink(*+*)x* attr{/Border [0 0 0]} action goto name{Verb}
.@pdfliteral{0 0 0 rg 0 0 0 RG}
.@texttt C
.@texttt h
.etc.


Underfull \hbox (badness 10000) in paragraph at lines 1--37
[]@texttt : x         y          f' [][][each], page 27,[][]                 ch
ar " ab"

@hbox(7.60416+2.43333)x433.62
.@hbox(0.0+0.0)x0.0
.@texttt :
.@glue 5.74869
.@texttt x
.@glue 5.74869
.etc.


Underfull \hbox (badness 10000) in paragraph at lines 1--37
[]@texttt + [][][flip], page 8,[][]      [][][plus], page 8,[][]    [x]f/ [][][
cover], page 31,[][]      c/

@hbox(7.60416+2.43333)x433.62
.@hbox(0.0+0.0)x0.0
.@texttt +
.@glue 5.74869
.@pdfstartlink(*+*)x* attr{/Border [0 0 0]} action goto name{flip}
.@pdfliteral{0 0 0 rg 0 0 0 RG}
.etc.


Underfull \hbox (badness 10000) in paragraph at lines 1--37
[]@texttt - [][][minus], page 9,[][]     [][][minus], page 9,[][]   [x]f\ [][][
cscan], page 31,[][]      c\

@hbox(7.60416+2.43333)x433.62
.@hbox(0.0+0.0)x0.0
.@texttt -
.@glue 5.74869
.@pdfstartlink(*+*)x* attr{/Border [0 0 0]} action goto name{minus}
.@pdfliteral{0 0 0 rg 0 0 0 RG}
.etc.


Underfull \hbox (badness 10000) in paragraph at lines 1--37
[][]@texttt [split], page 29,[][]   [][][int], page 34,[][]  2 3               
 [][][variables],

@hbox(7.60416+2.43333)x433.62
.@pdfstartlink(*+*)x* attr{/Border [0 0 0]} action goto name{split}
.@pdfliteral{0 0 0 rg 0 0 0 RG}
.@texttt [
.@texttt s
.@texttt p
.etc.


Underfull \hbox (badness 10000) in paragraph at lines 1--37
[]@texttt * [][][first], page 9,[][]     [][][times], page 10,[][]   [y]f':[][]
[eachprior], page 30,[][]

@hbox(7.60416+2.43333)x433.62
.@hbox(0.0+0.0)x0.0
.@texttt *
.@glue 5.74869
.@pdfstartlink(*+*)x* attr{/Border [0 0 0]} action goto name{first}
.@pdfliteral{0 0 0 rg 0 0 0 RG}
.etc.


Underfull \hbox (badness 10000) in paragraph at lines 1--37
[]@texttt %           [][][divide], page 10,[][]     f/:[][][eachright], page 3
0,[][] g/:over

@hbox(7.60416+2.43333)x433.62
.@hbox(0.0+0.0)x0.0
.@texttt %
.@glue 5.74869
.@glue 5.74869
.@glue 5.74869
.etc.


Underfull \hbox (badness 10000) in paragraph at lines 1--37
[]@texttt & [][][where], page 10,[][]     [][][min/and], page 11,[][]    f\:[][
][eachleft], page 31,[][]

@hbox(7.60416+2.43333)x433.62
.@hbox(0.0+0.0)x0.0
.@texttt &
.@glue 5.74869
.@pdfstartlink(*+*)x* attr{/Border [0 0 0]} action goto name{where}
.@pdfliteral{0 0 0 rg 0 0 0 RG}
.etc.


Underfull \hbox (badness 10000) in paragraph at lines 1--37
[]@texttt < [][][asc], page 12,[][]       [][][less], page 12,[][]       [][]Ch
apter 11 [I/O], page 64,[][]

@hbox(7.60416+2.43333)x433.62
.@hbox(0.0+0.0)x0.0
.@texttt <
.@glue 5.74869
.@pdfstartlink(*+*)x* attr{/Border [0 0 0]} action goto name{asc}
.@pdfliteral{0 0 0 rg 0 0 0 RG}
.etc.


Underfull \hbox (badness 10000) in paragraph at lines 1--37
[]@texttt > [][][desc], page 12,[][]      [][][more], page 12,[][]       0: [][
][r line], page 65[][]/[][][w

@hbox(7.60416+2.43333)x433.62
.@hbox(0.0+0.0)x0.0
.@texttt >
.@glue 5.74869
.@pdfstartlink(*+*)x* attr{/Border [0 0 0]} action goto name{desc}
.@pdfliteral{0 0 0 rg 0 0 0 RG}
.etc.


Underfull \hbox (badness 10000) in paragraph at lines 1--37
[]@texttt = [][][group], page 12,[][]     [][][equal], page 13,[][]      1: [][
][r char], page 65[][]/[][][w

@hbox(7.60416+2.43333)x433.62
.@hbox(0.0+0.0)x0.0
.@texttt =
.@glue 5.74869
.@pdfstartlink(*+*)x* attr{/Border [0 0 0]} action goto name{group}
.@pdfliteral{0 0 0 rg 0 0 0 RG}
.etc.


Underfull \hbox (badness 10000) in paragraph at lines 1--37
@texttt char], page 65,[][] char             [][]Chapter 6 [Dictionary], page 4
2,[][]

@hbox(7.60416+2.43333)x433.62
.@texttt c
.@texttt h
.@texttt a
.@texttt r
.@texttt ]
.etc.


Underfull \hbox (badness 10000) in paragraph at lines 1--37
[]@texttt ~ [][][not], page 13,[][]       [][][match], page 13,[][]     *2: [][
][r data], page 66[][]/[][][w

@hbox(7.60416+2.43333)x433.62
.@hbox(0.0+0.0)x0.0
.@texttt ~
.@glue 5.74869
.@pdfstartlink(*+*)x* attr{/Border [0 0 0]} action goto name{not}
.@pdfliteral{0 0 0 rg 0 0 0 RG}
.etc.


Underfull \hbox (badness 10000) in paragraph at lines 1--37
@texttt data], page 66,[][] data             [][]Chapter 7 [User Functions], pa
ge 48,[][]

@hbox(7.60416+2.43333)x433.62
.@texttt d
.@texttt a
.@texttt t
.@texttt a
.@texttt ]
.etc.


Underfull \hbox (badness 10000) in paragraph at lines 1--37
[]@texttt ! [][][key], page 15,[][]       [][][key], page 15,[][]       *3: [][
][k-ipc], page 67,[][] [][][3set],

@hbox(7.60416+2.43333)x433.62
.@hbox(0.0+0.0)x0.0
.@texttt !
.@glue 5.74869
.@pdfstartlink(*+*)x* attr{/Border [0 0 0]} action goto name{key}
.@pdfliteral{0 0 0 rg 0 0 0 RG}
.etc.


Underfull \hbox (badness 10000) in paragraph at lines 1--37
[]@texttt , [][][enlist], page 15,[][]    [][][cat], page 16,[][]       *4: [][
][https], page 67,[][] [][][4get],

@hbox(7.60416+2.43333)x433.62
.@hbox(0.0+0.0)x0.0
.@texttt ,
.@glue 5.74869
.@pdfstartlink(*+*)x* attr{/Border [0 0 0]} action goto name{enlist}
.@pdfliteral{0 0 0 rg 0 0 0 RG}
.etc.


Overfull \hbox (3.28027pt too wide) in paragraph at lines 1--37
[]@texttt ? [][][unique], page 22,[][]    [][][find/rand], page 22,[][]        
                       []|

@hbox(7.60416+2.43333)x433.62
.@hbox(0.0+0.0)x0.0
.@texttt ?
.@glue 5.74869
.@pdfstartlink(*+*)x* attr{/Border [0 0 0]} action goto name{unique}
.@pdfliteral{0 0 0 rg 0 0 0 RG}
.etc.


Underfull \hbox (badness 10000) in paragraph at lines 1--37


@hbox(0.0+0.0)x433.62
.@penalty -10000
.@glue(@rightskip) 0.0


Underfull \hbox (badness 10000) in paragraph at lines 1--37
[]@texttt @ [][][type], page 22,[][]   [f]at         @[x;i;f[;y]] [][][amend], 
page 60,[][]

@hbox(7.60416+2.43333)x433.62
.@hbox(0.0+0.0)x0.0
.@texttt @
.@glue 5.74869
.@pdfstartlink(*+*)x* attr{/Border [0 0 0]} action goto name{type}
.@pdfliteral{0 0 0 rg 0 0 0 RG}
.etc.


Underfull \hbox (badness 10000) in paragraph at lines 1--37
[]@texttt . [][][value], page 24,[][]  [f][][][Hdot], page 53,[][]        .[x;i
;f[;y]] [][][dmend],

@hbox(7.60416+2.43333)x433.62
.@hbox(0.0+0.0)x0.0
.@texttt .
.@glue 5.74869
.@pdfstartlink(*+*)x* attr{/Border [0 0 0]} action goto name{value}
.@pdfliteral{0 0 0 rg 0 0 0 RG}
.etc.


Underfull \hbox (badness 10000) in paragraph at lines 1--37
[][][]@texttt [Hcount], page 53,[][]  [][][Hfirst], page 53,[][] [][][Hlast], p
age 53,[][] [][][Hmin], page 53,[][]

@hbox(7.60416+2.43333)x433.62
.@hbox(0.0+0.0)x0.0
.@pdfstartlink(*+*)x* attr{/Border [0 0 0]} action goto name{Hcount}
.@pdfliteral{0 0 0 rg 0 0 0 RG}
.@texttt [
.@texttt H
.etc.


Underfull \hbox (badness 10000) in paragraph at lines 1--37
[][]@texttt [Hmax], page 53,[][] [][][Hsum], page 53,[][] [][][avg], page 54,[]
[] [][][var], page 54,[][] [][][dev],

@hbox(7.60416+2.43333)x433.62
.@pdfstartlink(*+*)x* attr{/Border [0 0 0]} action goto name{Hmax}
.@pdfliteral{0 0 0 rg 0 0 0 RG}
.@texttt [
.@texttt H
.@texttt m
.etc.


Underfull \hbox (badness 10000) in paragraph at lines 1--37
[][][]@texttt [select], page 74,[][] [][][A], page 75,[][] [][][by B], page 76,
[][] from T [][][where C],

@hbox(7.60416+2.43333)x433.62
.@hbox(0.0+0.0)x0.0
.@pdfstartlink(*+*)x* attr{/Border [0 0 0]} action goto name{select}
.@pdfliteral{0 0 0 rg 0 0 0 RG}
.@texttt [
.@texttt s
.etc.


Underfull \hbox (badness 10000) in paragraph at lines 1--37
@texttt page 76[][]; [][][update], page 77,[][] [][][A], page 75,[][] from T; [
][][delete], page 78,[][] from T

@hbox(7.60416+2.43333)x433.62
.@texttt p
.@texttt a
.@texttt g
.@texttt e
.@penalty 10000
.etc.


Underfull \hbox (badness 10000) in paragraph at lines 1--37
[][][]@texttt [sqrt], page 55,[][] [][][sqr], page 55,[][] [][][exp], page 54,[
][] [][][log], page 54,[][] [][][sin],

@hbox(7.60416+2.43333)x433.62
.@hbox(0.0+0.0)x0.0
.@pdfstartlink(*+*)x* attr{/Border [0 0 0]} action goto name{sqrt}
.@pdfliteral{0 0 0 rg 0 0 0 RG}
.@texttt [
.@texttt s
.etc.


Underfull \hbox (badness 10000) in paragraph at lines 1--37
@texttt page 55,[][] [][][cos], page 55,[][] [][][div], page 58,[][] [][][mod],
 page 58,[][] [][][bar], page 58,[][]

@hbox(7.60416+2.43333)x433.62
.@texttt p
.@texttt a
.@texttt g
.@texttt e
.@penalty 10000
.etc.

Chapter 1 [1]
Overfull \hbox (14.94176pt too wide) in paragraph at lines 111--111
 []@texttt Three plus two times open parenthesis six plus fourteen close parent
hesis[] |

@hbox(6.69167+2.43333)x433.62
.@glue(@leftskip) 28.90755
.@hbox(0.0+0.0)x0.0
.@texttt T
.@texttt h
.@texttt r
.etc.

texinfo.tex: doing @verbatiminclude of k.d

(/Users/estradaj/GitHub/k9-simples/k.d) [2] [3]
Overfull \hbox (55.18257pt too wide) in paragraph at lines 194--194
 [] @texttt !_100e6;     / generate a list of 100 million integers (suppress ou
tput with ;)[] |

@hbox(7.60416+2.43333)x433.62
.@glue(@leftskip) 28.90755
.@hbox(0.0+0.0)x0.0
.@penalty 10000
.@glue 5.74869
.@texttt !
.etc.

[4] [5] [6] Chapter 2 [7] [8] [9] [10] [11] [12] [13] [14] [15] [16] [17]
[18] [19] [20] [21] [22]
Overfull \hbox (66.67995pt too wide) in paragraph at lines 1201--1201
 [] @texttt (sqr;sqrt;|;#)@'(3;10;"word";^^Ra^^Rb^^Rc) / list of fuctions appli
ed to list of inputs[] |

@hbox(7.60416+2.43333)x433.62
.@glue(@leftskip) 28.90755
.@hbox(0.0+0.0)x0.0
.@penalty 10000
.@glue 5.74869
.@texttt (
.etc.

[23] [24] [25] Chapter 3 [26] [27]
Overfull \hbox (18.75497pt too wide) in paragraph at lines 1411--1411
  @textbf a f[x]| 

@hbox(9.34993+3.85005)x18.69167, glue set - 1.0
.@glue(@leftskip) 12.0
.@penalty 10000
.@glue 3.65 plus 1.825 minus 1.21666
.@textbf a
.@penalty 10000
.etc.


Overfull \hbox (60.52925pt too wide) in paragraph at lines 1411--1411
  @textbf x:0 1 4 9 16 25| 

@hbox(9.34993+3.85005)x18.69167, glue set - 1.0
.@glue(@leftskip) 12.0
.@penalty 10000
.@glue 3.65 plus 1.825 minus 1.21666
.@textbf x
.@textbf :
.etc.


Overfull \hbox (13.01823pt too wide) in paragraph at lines 1411--1411
  @texttt +\@textbf x| 

@hbox(9.34993+3.85005)x18.69167, glue set - 1.0
.@glue(@leftskip) 12.0
.@penalty 10000
.@glue 3.65 plus 1.825 minus 1.21666
.@texttt +
.@texttt \
.etc.


Overfull \hbox (18.49324pt too wide) in paragraph at lines 1411--1411
  @textbf 3@texttt +\@textbf x| 

@hbox(9.34993+3.85005)x18.69167, glue set - 1.0
.@glue(@leftskip) 12.0
.@penalty 10000
.@glue 3.65 plus 1.825 minus 1.21666
.@textbf 3
.@texttt +
.etc.


Overfull \hbox (12.74455pt too wide) in paragraph at lines 1411--1411
  @texttt +@textbf /x| 

@hbox(9.34993+3.85005)x18.69167, glue set - 1.0
.@glue(@leftskip) 12.0
.@penalty 10000
.@glue 3.65 plus 1.825 minus 1.21666
.@texttt +
.@textbf /
.etc.


Overfull \hbox (18.21956pt too wide) in paragraph at lines 1411--1411
  @textbf 3@texttt +@textbf /x[] 

@hbox(8.2125+2.73749)x18.69167, glue set - 1.0
.@glue(@leftskip) 12.0
.@penalty 10000
.@glue 3.65 plus 1.825 minus 1.21666
.@textbf 3
.@texttt +
.etc.


Overfull \hbox (28.96684pt too wide) in paragraph at lines 1412--1412
  @textrm f$[]$[a;x$[]$]| 

@hbox(9.34993+3.85005)x18.69167, glue set - 1.0
.@glue(@leftskip) 12.0
.@penalty 10000
.@glue 3.65 plus 1.825 minus 1.21666
.@textrm f
.@mathon
.etc.


Overfull \hbox (31.58774pt too wide) in paragraph at lines 1413--1413
  @textrm f$[]$[f$[]$;x$[]$]| 

@hbox(9.34993+3.85005)x18.69167, glue set - 1.0
.@glue(@leftskip) 12.0
.@penalty 10000
.@glue 3.65 plus 1.825 minus 1.21666
.@textrm f
.@mathon
.etc.


Overfull \hbox (31.58774pt too wide) in paragraph at lines 1413--1413
  @textrm f$[]$[f$[]$;x$[]$]| 

@hbox(9.34993+3.85005)x18.69167, glue set - 1.0
.@glue(@leftskip) 12.0
.@penalty 10000
.@glue 3.65 plus 1.825 minus 1.21666
.@textrm f
.@mathon
.etc.


Overfull \hbox (33.71277pt too wide) in paragraph at lines 1415--1415
  @textrm f$[]$[f$[]$;x$[]$]| 

@hbox(9.34993+3.85005)x18.69167, glue set - 1.0
.@glue(@leftskip) 12.0
.@penalty 10000
.@glue 3.65 plus 1.825 minus 1.21666
.@textrm f
.@mathon
.etc.


Overfull \hbox (33.71277pt too wide) in paragraph at lines 1415--1415
  @textrm f$[]$[f$[]$;x$[]$]| 

@hbox(9.34993+3.85005)x18.69167, glue set - 1.0
.@glue(@leftskip) 12.0
.@penalty 10000
.@glue 3.65 plus 1.825 minus 1.21666
.@textrm f
.@mathon
.etc.


Overfull \hbox (13.82658pt too wide) in paragraph at lines 1417--1417
  @textrm x$[]$| 

@hbox(9.34993+3.85005)x18.69167, glue set - 1.0
.@glue(@leftskip) 12.0
.@penalty 10000
.@glue 3.65 plus 1.825 minus 1.21666
.@textrm x
.@mathon
.etc.


Overfull \hbox (54.25473pt too wide) in paragraph at lines 1417--1417
  @textrm f$[]$[f$[]$;x$[]$]| 

@hbox(9.34993+3.85005)x18.69167, glue set - 1.0
.@glue(@leftskip) 12.0
.@penalty 10000
.@glue 3.65 plus 1.825 minus 1.21666
.@textrm f
.@mathon
.etc.


Overfull \hbox (54.25473pt too wide) in paragraph at lines 1417--1417
  @textrm f$[]$[f$[]$;x$[]$]| 

@hbox(9.34993+3.85005)x18.69167, glue set - 1.0
.@glue(@leftskip) 12.0
.@penalty 10000
.@glue 3.65 plus 1.825 minus 1.21666
.@textrm f
.@mathon
.etc.


Overfull \hbox (13.82658pt too wide) in paragraph at lines 1418--1418
  @textrm x$[]$| 

@hbox(9.34993+3.85005)x18.69167, glue set - 1.0
.@glue(@leftskip) 12.0
.@penalty 10000
.@glue 3.65 plus 1.825 minus 1.21666
.@textrm x
.@mathon
.etc.


Overfull \hbox (54.25473pt too wide) in paragraph at lines 1418--1418
  @textrm f$[]$[f$[]$;x$[]$]| 

@hbox(9.34993+3.85005)x18.69167, glue set - 1.0
.@glue(@leftskip) 12.0
.@penalty 10000
.@glue 3.65 plus 1.825 minus 1.21666
.@textrm f
.@mathon
.etc.


Overfull \hbox (54.25473pt too wide) in paragraph at lines 1418--1418
  @textrm f$[]$[f$[]$;x$[]$]| 

@hbox(9.34993+3.85005)x18.69167, glue set - 1.0
.@glue(@leftskip) 12.0
.@penalty 10000
.@glue 3.65 plus 1.825 minus 1.21666
.@textrm f
.@mathon
.etc.

[28] [29] [30] [31] Chapter 4 [32] [33] [34] [35] [36] Chapter 5 [37] [38]
[39] [40] Chapter 6 [41] [42] [43] [44] [45] [46] Chapter 7 [47] [48] [49]
Chapter 8 [50] [51] Chapter 9 [52]
Overfull \hbox (53.60722pt too wide) in paragraph at lines 2578--2578
 [][][]@smalltt [Hcount], page 53,[][] [][][Hfirst], page 53,[][] [][][Hlast], 
page 53,[][] [][][Hmin], page 53,[][] [][][Hmax], page 53,[][] [][][Hsum],|

@hbox(6.25+2.0)x433.62
.@glue(@leftskip) 28.90755
.@hbox(0.0+0.0)x0.0
.@pdfstartlink(*+*)x* attr{/Border [0 0 0]} action goto name{Hcount}
.@pdfliteral{0 0 0 rg 0 0 0 RG}
.@smalltt [
.etc.

[53] [54] [55] [56] [57] [58] Chapter 10 [59] [60] [61] Chapter 11 [62]
[63]
Overfull \hbox (49.43388pt too wide) in paragraph at lines 3181--3181
 [] @texttt ^^R[][][compress], page 68[][]?^^R[][][compress], page 68,[][] t;^^
R[][][compress], page 68[][]?^^R[][][compress],|

@hbox(7.60416+2.43333)x433.62
.@glue(@leftskip) 28.90755
.@hbox(0.0+0.0)x0.0
.@penalty 10000
.@glue 5.74869
.@texttt ^^R
.etc.


Overfull \hbox (43.6852pt too wide) in paragraph at lines 3204--3204
 []@texttt "s,f,i\nb,1.08707,3\na,5.506882,0\nc,8.938667,1\nc,6.217895,6\nb,1.5
42842,6\n"[] |

@hbox(7.60416+1.52081)x433.62
.@glue(@leftskip) 28.90755
.@hbox(0.0+0.0)x0.0
.@texttt "
.@texttt s
.@texttt ,
.etc.


Overfull \hbox (66.67995pt too wide) in paragraph at lines 3210--3210
 []@texttt "s,f,i\na,3.669518,1\na,0.001226037,7\nb,2.792163,3\nc,8.539221,7\nb
,9.333188,7\n"[] |

@hbox(7.60416+1.52081)x433.62
.@glue(@leftskip) 28.90755
.@hbox(0.0+0.0)x0.0
.@texttt "
.@texttt s
.@texttt ,
.etc.

[64] [65] [66] [67] [68] Chapter 12 [69]
Overfull \hbox (112.66945pt too wide) in paragraph at lines 3440--3440
 [][][]@texttt [python], page 70[][]:from k import k;k('+',2,3);[][][nodejs], p
age 70[][]:k=require('k').k;k('+',2,3)[] |

@hbox(7.60416+2.43333)x433.62
.@glue(@leftskip) 28.90755
.@hbox(0.0+0.0)x0.0
.@kern 0.0
.@pdfstartlink(*+*)x* attr{/Border [0 0 0]} action goto name{python}
.@pdfliteral{0 0 0 rg 0 0 0 RG}
.etc.


Overfull \hbox (141.41289pt too wide) in paragraph at lines 3466--3466
 []@texttt [7.691266643814743, 6.843659253790975, 6.399056380614638, 9.63719196
3847727, 4.250652831979096][] |

@hbox(7.60416+1.52081)x433.62
.@glue(@leftskip) 28.90755
.@hbox(0.0+0.0)x0.0
.@texttt [
.@texttt 7
.@texttt .
.etc.


Overfull \hbox (55.01846pt too wide) in paragraph at lines 3498--3498
[][] |

@hbox(7.60416+2.43333)x433.62
.@hbox(0.0+0.0)x0.0
.@hbox(7.60416+2.43333)x488.63846
..@penalty 10000
..@glue 5.74869
..@texttt s
..@texttt o
..@texttt c
..etc.
.@penalty 10000
.@glue(@parfillskip) 0.0 plus 1.0fil
.@glue(@rightskip) 0.0
.etc.

[70]
Overfull \hbox (55.01846pt too wide) in paragraph at lines 3498--3498
[][] |

@hbox(7.60416+2.43333)x433.62
.@hbox(0.0+0.0)x0.0
.@hbox(7.60416+2.43333)x488.63846
..@penalty 10000
..@glue 5.74869
..@texttt s
..@texttt o
..@texttt c
..etc.
.@penalty 10000
.@glue(@parfillskip) 0.0 plus 1.0fil
.@glue(@rightskip) 0.0
.etc.

Chapter 13 [71] [72] Chapter 14 [73]
Overfull \hbox (66.67995pt too wide) in paragraph at lines 3665--3665
 []@texttt {[][][select], page 74[][]|[][][update], page 77[][]} [][][A], page 
75,[][] [][][by B], page 76,[][] from T [][][where|

@hbox(7.60416+2.43333)x433.62
.@glue(@leftskip) 28.90755
.@hbox(0.0+0.0)x0.0
.@texttt {
.@pdfstartlink(*+*)x* attr{/Border [0 0 0]} action goto name{select}
.@pdfliteral{0 0 0 rg 0 0 0 RG}
.etc.


Overfull \hbox (124.16682pt too wide) in paragraph at lines 3668--3668
 []@texttt x,y      / [][][insert], page 83[][], [][][upsert], page 83[][], [][
][union], page 78[][], equi-and-asof [][][leftjoin],|

@hbox(7.60416+2.43333)x433.62
.@glue(@leftskip) 28.90755
.@hbox(0.0+0.0)x0.0
.@texttt x
.@texttt ,
.@texttt y
.etc.

[74] [75] [76] [77] [78] [79] [80] [81] [82] [83] Chapter 15 [84] [85]
Chapter 16 [86] Chapter 17 [87] [88] Chapter 18 [89] [90] Chapter 19 [91]
Overfull \hbox (95.42339pt too wide) in paragraph at lines 4441--4441
 [] @texttt B:100++\-1+n?3      / generate bids near 100, equivalent to: 100 + 
(+\((-1)+n rand 3))[] |

@hbox(7.60416+2.43333)x433.62
.@glue(@leftskip) 28.90755
.@hbox(0.0+0.0)x0.0
.@penalty 10000
.@glue 5.74869
.@texttt B
.etc.

[92]
Overfull \hbox (26.43913pt too wide) in paragraph at lines 4481--4481
 [] @texttt T:^?[;_8.64e7]@                           / time in number of milli
seconds[] |

@hbox(7.60416+1.52081)x433.62
.@glue(@leftskip) 28.90755
.@hbox(0.0+0.0)x0.0
.@penalty 10000
.@glue 5.74869
.@texttt T
.etc.

[93] [94] [95] Chapter 20 [96] [97] [98] [99]
texinfo.tex: doing @verbatiminclude of taxi.k


(/Users/estradaj/GitHub/k9-simples/taxi.k [100]
Overfull \hbox (76.67407pt too wide) in paragraph at lines 35--35
[][] |

@hbox(6.25+2.0)x433.62
.@hbox(0.0+0.0)x0.0
.@hbox(6.25+2.0)x510.29407
..@smalltt /
..@smalltt v
..@smalltt e
..@smalltt n
..@smalltt d
..etc.
.@penalty 10000
.@glue(@parfillskip) 0.0 plus 1.0fil
.@glue(@rightskip) 0.0
.etc.

) [101] Chapter 21 [102]
texinfo.tex: doing @verbatiminclude of k.d

 (/Users/estradaj/GitHub/k9-simples/k.d) [103] ) 
Here is how much of TeX's memory you used:
 3974 strings out of 496271
 39573 string characters out of 6185843
 129086 words of memory out of 5000000
 4875 multiletter control sequences out of 15000+600000
 34203 words of font info for 119 fonts, out of 8000000 for 9000
 590 hyphenation exceptions out of 8191
 15i,7n,16p,685b,556s stack positions out of 5000i,500n,10000p,200000b,80000s
</usr/local/texlive/2020basic/t
exmf-dist/fonts/type1/public/amsfonts/cm/cmb10.pfb></usr/local/texlive/2020basi
c/texmf-dist/fonts/type1/public/amsfonts/cm/cmbx12.pfb></usr/local/texlive/2020
basic/texmf-dist/fonts/type1/public/amsfonts/cm/cmr10.pfb></usr/local/texlive/2
020basic/texmf-dist/fonts/type1/public/amsfonts/cm/cmr8.pfb></usr/local/texlive
/2020basic/texmf-dist/fonts/type1/public/amsfonts/cm/cmsltt10.pfb></usr/local/t
exlive/2020basic/texmf-dist/fonts/type1/public/amsfonts/cm/cmsy10.pfb></usr/loc
al/texlive/2020basic/texmf-dist/fonts/type1/public/amsfonts/cm/cmtt10.pfb></usr
/local/texlive/2020basic/texmf-dist/fonts/type1/public/amsfonts/cm/cmtt12.pfb><
/usr/local/texlive/2020basic/texmf-dist/fonts/type1/public/amsfonts/cm/cmtt9.pf
b>
Output written on k.manual.pdf (105 pages, 274775 bytes).
PDF statistics:
 1051 PDF objects out of 1200 (max. 8388607)
 808 compressed objects within 9 object streams
 289 named destinations out of 1000 (max. 500000)
 13 words of extra memory for PDF output out of 10000 (max. 10000000)

